<?xml version="1.0" encoding="UTF-8"?>
<testsuite name="api.mappings.Member.DeleteMemberPositiveTest" tests="1" skipped="0" failures="0" errors="0" timestamp="2025-01-15T13:11:22" hostname="mariana-VirtualBox" time="0.135">
  <properties/>
  <testcase name="deleteMemberSuccess" classname="api.mappings.Member.DeleteMemberPositiveTest" time="0.135"/>
  <system-out><![CDATA[]]></system-out>
  <system-err><![CDATA[Jan 15, 2025 1:11:22 PM okhttp3.internal.platform.Platform log
INFO: --> POST http://localhost:8080/member
Jan 15, 2025 1:11:22 PM okhttp3.internal.platform.Platform log
INFO: Content-Type: application/json; charset=UTF-8
Jan 15, 2025 1:11:22 PM okhttp3.internal.platform.Platform log
INFO: Content-Length: 263
Jan 15, 2025 1:11:22 PM okhttp3.internal.platform.Platform log
INFO: 
Jan 15, 2025 1:11:22 PM okhttp3.internal.platform.Platform log
INFO: {"id":null,"firstName":"Joaquim","lastName":"Daniel","address":"Rua das Flores","postalCode":"3898-098","city":"Amarante","country":"Portugal","phoneNumber":963852741,"nif":123456789,"email":"john@doe.com","birthDate":"1999-09-09","registrationDate":"2025-01-15"}
Jan 15, 2025 1:11:22 PM okhttp3.internal.platform.Platform log
INFO: --> END POST (263-byte body)
Jan 15, 2025 1:11:22 PM okhttp3.internal.platform.Platform log
INFO: <-- 201 http://localhost:8080/member (26ms)
Jan 15, 2025 1:11:22 PM okhttp3.internal.platform.Platform log
INFO: Content-Type: application/json
Jan 15, 2025 1:11:22 PM okhttp3.internal.platform.Platform log
INFO: Transfer-Encoding: chunked
Jan 15, 2025 1:11:22 PM okhttp3.internal.platform.Platform log
INFO: Date: Wed, 15 Jan 2025 13:11:22 GMT
Jan 15, 2025 1:11:22 PM okhttp3.internal.platform.Platform log
INFO: Keep-Alive: timeout=60
Jan 15, 2025 1:11:22 PM okhttp3.internal.platform.Platform log
INFO: Connection: keep-alive
Jan 15, 2025 1:11:22 PM okhttp3.internal.platform.Platform log
INFO: 
Jan 15, 2025 1:11:22 PM okhttp3.internal.platform.Platform log
INFO: 117
Jan 15, 2025 1:11:22 PM okhttp3.internal.platform.Platform log
INFO: <-- END HTTP (3-byte body)
Jan 15, 2025 1:11:22 PM okhttp3.internal.platform.Platform log
INFO: --> DELETE http://localhost:8080/member/117
Jan 15, 2025 1:11:22 PM okhttp3.internal.platform.Platform log
INFO: --> END DELETE
Jan 15, 2025 1:11:22 PM okhttp3.internal.platform.Platform log
INFO: <-- 204 http://localhost:8080/member/117 (64ms)
Jan 15, 2025 1:11:22 PM okhttp3.internal.platform.Platform log
INFO: Date: Wed, 15 Jan 2025 13:11:22 GMT
Jan 15, 2025 1:11:22 PM okhttp3.internal.platform.Platform log
INFO: Keep-Alive: timeout=60
Jan 15, 2025 1:11:22 PM okhttp3.internal.platform.Platform log
INFO: Connection: keep-alive
Jan 15, 2025 1:11:22 PM okhttp3.internal.platform.Platform log
INFO: <-- END HTTP
Jan 15, 2025 1:11:22 PM okhttp3.internal.platform.Platform log
INFO: --> GET http://localhost:8080/member/117
Jan 15, 2025 1:11:22 PM okhttp3.internal.platform.Platform log
INFO: --> END GET
Jan 15, 2025 1:11:22 PM okhttp3.internal.platform.Platform log
INFO: <-- 404 http://localhost:8080/member/117 (29ms)
Jan 15, 2025 1:11:22 PM okhttp3.internal.platform.Platform log
INFO: Content-Type: application/json
Jan 15, 2025 1:11:22 PM okhttp3.internal.platform.Platform log
INFO: Transfer-Encoding: chunked
Jan 15, 2025 1:11:22 PM okhttp3.internal.platform.Platform log
INFO: Date: Wed, 15 Jan 2025 13:11:22 GMT
Jan 15, 2025 1:11:22 PM okhttp3.internal.platform.Platform log
INFO: Keep-Alive: timeout=60
Jan 15, 2025 1:11:22 PM okhttp3.internal.platform.Platform log
INFO: Connection: keep-alive
Jan 15, 2025 1:11:22 PM okhttp3.internal.platform.Platform log
INFO: 
Jan 15, 2025 1:11:22 PM okhttp3.internal.platform.Platform log
INFO: {"timestamp":"2025-01-15T13:11:22.471+00:00","status":404,"error":"Not Found","message":"Member not found","path":"/member/117"}
Jan 15, 2025 1:11:22 PM okhttp3.internal.platform.Platform log
INFO: <-- END HTTP (128-byte body)
]]></system-err>
</testsuite>
