<?xml version="1.0" encoding="UTF-8"?>
<testsuite name="api.mappings.Member.GetMemberPositiveTests" tests="2" skipped="0" failures="0" errors="0" timestamp="2025-01-15T13:11:22" hostname="mariana-VirtualBox" time="0.285">
  <properties/>
  <testcase name="getAllMembersWithSuccessTest" classname="api.mappings.Member.GetMemberPositiveTests" time="0.222"/>
  <testcase name="getMemberByIdWithSuccessTest" classname="api.mappings.Member.GetMemberPositiveTests" time="0.051"/>
  <system-out><![CDATA[]]></system-out>
  <system-err><![CDATA[Jan 15, 2025 1:11:22 PM okhttp3.internal.platform.Platform log
INFO: --> GET http://localhost:8080/member
Jan 15, 2025 1:11:22 PM okhttp3.internal.platform.Platform log
INFO: --> END GET
Jan 15, 2025 1:11:22 PM okhttp3.internal.platform.Platform log
INFO: <-- 200 http://localhost:8080/member (113ms)
Jan 15, 2025 1:11:22 PM okhttp3.internal.platform.Platform log
INFO: Content-Type: application/json
Jan 15, 2025 1:11:22 PM okhttp3.internal.platform.Platform log
INFO: Transfer-Encoding: chunked
Jan 15, 2025 1:11:22 PM okhttp3.internal.platform.Platform log
INFO: Date: Wed, 15 Jan 2025 13:11:22 GMT
Jan 15, 2025 1:11:22 PM okhttp3.internal.platform.Platform log
INFO: Keep-Alive: timeout=60
Jan 15, 2025 1:11:22 PM okhttp3.internal.platform.Platform log
INFO: Connection: keep-alive
Jan 15, 2025 1:11:22 PM okhttp3.internal.platform.Platform log
INFO: 
Jan 15, 2025 1:11:22 PM okhttp3.internal.platform.Platform log
INFO: [{"id":1,"firstName":"Afonso","lastName":"Silva","address":"Rua da Curva","postalCode":"3810-700","city":"Aveiro","country":"Portugal","phoneNumber":966111222,"nif":212212212,"email":"me@afonso.pt","birthDate":"1983-01-01","registrationDate":"2001-05-05"},{"id":2,"firstName":"Maria","lastName":"Lopes","address":"Avenida Principal","postalCode":"4350-334","city":"Porto","country":"Portugal","phoneNumber":911222333,"nif":222333444,"email":"maria@corp.com","birthDate":"1997-09-12","registrationDate":"2010-07-01"},{"id":80,"firstName":"string","lastName":"string","address":"string","postalCode":"3898-098","city":"string","country":"string","phoneNumber":963852741,"nif":123456789,"email":"string","birthDate":"1999-09-09","registrationDate":"2025-01-14"},{"id":81,"firstName":"Joaquim","lastName":"Daniel","address":"Rua das Flores","postalCode":"3898-098","city":"Amarante","country":"Portugal","phoneNumber":963852741,"nif":123456789,"email":"john@doe.com","birthDate":"1999-09-09","registrationDate":"2025-01-14"},{"id":82,"firstName":"Joaquim","lastName":"Daniel","address":"Rua das Flores","postalCode":"3898-098","city":"Amarante","country":"Portugal","phoneNumber":963852741,"nif":123456789,"email":"john@doe.com","birthDate":"1999-09-09","registrationDate":"2025-01-14"},{"id":84,"firstName":"Manuel","lastName":"Daniel","address":"Rua das Flores","postalCode":"3898-098","city":"Amarante","country":"Portugal","phoneNumber":963852741,"nif":123456789,"email":"john@doe.com","birthDate":"1999-09-09","registrationDate":"2025-01-15"},{"id":85,"firstName":"Manuel","lastName":"Daniel","address":"Rua das Flores","postalCode":"3898-098","city":"Amarante","country":"Portugal","phoneNumber":963852741,"nif":123456789,"email":"john@doe.com","birthDate":"1999-09-09","registrationDate":"2025-01-15"}]
Jan 15, 2025 1:11:23 PM okhttp3.internal.platform.Platform log
INFO: <-- END HTTP (1805-byte body)
Jan 15, 2025 1:11:23 PM okhttp3.internal.platform.Platform log
INFO: --> GET http://localhost:8080/member/2
Jan 15, 2025 1:11:23 PM okhttp3.internal.platform.Platform log
INFO: --> END GET
Jan 15, 2025 1:11:23 PM okhttp3.internal.platform.Platform log
INFO: <-- 200 http://localhost:8080/member/2 (37ms)
Jan 15, 2025 1:11:23 PM okhttp3.internal.platform.Platform log
INFO: Content-Type: application/json
Jan 15, 2025 1:11:23 PM okhttp3.internal.platform.Platform log
INFO: Transfer-Encoding: chunked
Jan 15, 2025 1:11:23 PM okhttp3.internal.platform.Platform log
INFO: Date: Wed, 15 Jan 2025 13:11:23 GMT
Jan 15, 2025 1:11:23 PM okhttp3.internal.platform.Platform log
INFO: Keep-Alive: timeout=60
Jan 15, 2025 1:11:23 PM okhttp3.internal.platform.Platform log
INFO: Connection: keep-alive
Jan 15, 2025 1:11:23 PM okhttp3.internal.platform.Platform log
INFO: 
Jan 15, 2025 1:11:23 PM okhttp3.internal.platform.Platform log
INFO: {"id":2,"firstName":"Maria","lastName":"Lopes","address":"Avenida Principal","postalCode":"4350-334","city":"Porto","country":"Portugal","phoneNumber":911222333,"nif":222333444,"email":"maria@corp.com","birthDate":"1997-09-12","registrationDate":"2010-07-01"}
Jan 15, 2025 1:11:23 PM okhttp3.internal.platform.Platform log
INFO: <-- END HTTP (259-byte body)
]]></system-err>
</testsuite>
