<?xml version="1.0" encoding="UTF-8"?>
<testsuite name="api.mappings.Member.UpdateMemberNegativeTest" tests="1" skipped="0" failures="0" errors="0" timestamp="2025-01-15T13:11:23" hostname="mariana-VirtualBox" time="0.097">
  <properties/>
  <testcase name="deleteMemberSuccess" classname="api.mappings.Member.UpdateMemberNegativeTest" time="0.097"/>
  <system-out><![CDATA[]]></system-out>
  <system-err><![CDATA[Jan 15, 2025 1:11:23 PM okhttp3.internal.platform.Platform log
INFO: --> PUT http://localhost:8080/member/45
Jan 15, 2025 1:11:23 PM okhttp3.internal.platform.Platform log
INFO: Content-Type: application/json; charset=UTF-8
Jan 15, 2025 1:11:23 PM okhttp3.internal.platform.Platform log
INFO: Content-Length: 201
Jan 15, 2025 1:11:23 PM okhttp3.internal.platform.Platform log
INFO: 
Jan 15, 2025 1:11:23 PM okhttp3.internal.platform.Platform log
INFO: {"id":null,"firstName":null,"lastName":null,"address":"Ilha das Flores","postalCode":null,"city":null,"country":null,"phoneNumber":null,"nif":null,"email":null,"birthDate":null,"registrationDate":null}
Jan 15, 2025 1:11:23 PM okhttp3.internal.platform.Platform log
INFO: --> END PUT (201-byte body)
Jan 15, 2025 1:11:23 PM okhttp3.internal.platform.Platform log
INFO: <-- 404 http://localhost:8080/member/45 (10ms)
Jan 15, 2025 1:11:23 PM okhttp3.internal.platform.Platform log
INFO: Content-Type: application/json
Jan 15, 2025 1:11:23 PM okhttp3.internal.platform.Platform log
INFO: Transfer-Encoding: chunked
Jan 15, 2025 1:11:23 PM okhttp3.internal.platform.Platform log
INFO: Date: Wed, 15 Jan 2025 13:11:23 GMT
Jan 15, 2025 1:11:23 PM okhttp3.internal.platform.Platform log
INFO: Keep-Alive: timeout=60
Jan 15, 2025 1:11:23 PM okhttp3.internal.platform.Platform log
INFO: Connection: keep-alive
Jan 15, 2025 1:11:23 PM okhttp3.internal.platform.Platform log
INFO: 
Jan 15, 2025 1:11:23 PM okhttp3.internal.platform.Platform log
INFO: {"timestamp":"2025-01-15T13:11:23.155+00:00","status":404,"error":"Not Found","message":"Member not found","path":"/member/45"}
Jan 15, 2025 1:11:23 PM okhttp3.internal.platform.Platform log
INFO: <-- END HTTP (127-byte body)
]]></system-err>
</testsuite>
